mode: set
github.com/xcoleman/pulse/internal/briefing/engine.go:21.59,23.2 1 1
github.com/xcoleman/pulse/internal/briefing/engine.go:30.101,32.25 1 1
github.com/xcoleman/pulse/internal/briefing/engine.go:32.25,34.29 2 1
github.com/xcoleman/pulse/internal/briefing/engine.go:34.29,36.4 1 0
github.com/xcoleman/pulse/internal/briefing/engine.go:38.2,38.33 1 1
github.com/xcoleman/pulse/internal/briefing/engine.go:41.71,43.2 1 1
github.com/xcoleman/pulse/internal/briefing/engine.go:45.88,47.16 2 1
github.com/xcoleman/pulse/internal/briefing/engine.go:47.16,49.3 1 0
github.com/xcoleman/pulse/internal/briefing/engine.go:50.2,50.17 1 1
github.com/xcoleman/pulse/internal/briefing/engine.go:50.17,52.3 1 1
github.com/xcoleman/pulse/internal/briefing/engine.go:54.2,60.16 3 1
github.com/xcoleman/pulse/internal/briefing/engine.go:60.16,62.3 1 0
github.com/xcoleman/pulse/internal/briefing/engine.go:63.2,63.33 1 1
github.com/xcoleman/pulse/internal/briefing/engine.go:63.33,65.17 2 1
github.com/xcoleman/pulse/internal/briefing/engine.go:65.17,67.4 1 0
github.com/xcoleman/pulse/internal/briefing/engine.go:68.3,71.5 1 1
github.com/xcoleman/pulse/internal/briefing/engine.go:75.2,76.16 2 1
github.com/xcoleman/pulse/internal/briefing/engine.go:76.16,78.3 1 0
github.com/xcoleman/pulse/internal/briefing/engine.go:79.2,83.24 3 1
github.com/xcoleman/pulse/internal/briefing/engine.go:83.24,85.3 1 1
github.com/xcoleman/pulse/internal/briefing/engine.go:86.2,87.16 2 1
github.com/xcoleman/pulse/internal/briefing/engine.go:87.16,89.3 1 0
github.com/xcoleman/pulse/internal/briefing/engine.go:92.2,93.74 2 1
github.com/xcoleman/pulse/internal/briefing/engine.go:93.74,95.3 1 0
github.com/xcoleman/pulse/internal/briefing/engine.go:96.2,96.46 1 1
github.com/xcoleman/pulse/internal/briefing/engine.go:96.46,98.3 1 0
github.com/xcoleman/pulse/internal/briefing/engine.go:99.2,103.16 3 1
github.com/xcoleman/pulse/internal/briefing/engine.go:103.16,105.3 1 0
github.com/xcoleman/pulse/internal/briefing/engine.go:106.2,110.16 3 1
github.com/xcoleman/pulse/internal/briefing/engine.go:110.16,112.3 1 0
github.com/xcoleman/pulse/internal/briefing/engine.go:113.2,113.16 1 1
github.com/xcoleman/pulse/internal/briefing/engine.go:113.16,115.3 1 1
github.com/xcoleman/pulse/internal/briefing/engine.go:117.2,117.15 1 1
github.com/xcoleman/pulse/internal/briefing/engine.go:120.150,127.28 3 1
github.com/xcoleman/pulse/internal/briefing/engine.go:127.28,129.10 2 1
github.com/xcoleman/pulse/internal/briefing/engine.go:129.10,132.4 2 1
github.com/xcoleman/pulse/internal/briefing/engine.go:133.3,135.38 3 1
github.com/xcoleman/pulse/internal/briefing/engine.go:139.2,139.31 1 1
github.com/xcoleman/pulse/internal/briefing/engine.go:139.31,141.3 1 1
github.com/xcoleman/pulse/internal/briefing/engine.go:142.2,142.52 1 1
github.com/xcoleman/pulse/internal/briefing/engine.go:142.52,144.3 1 0
github.com/xcoleman/pulse/internal/briefing/engine.go:147.2,148.39 2 1
github.com/xcoleman/pulse/internal/briefing/engine.go:148.39,149.57 1 1
github.com/xcoleman/pulse/internal/briefing/engine.go:149.57,151.4 1 1
github.com/xcoleman/pulse/internal/briefing/engine.go:153.2,154.20 2 1
github.com/xcoleman/pulse/internal/briefing/engine.go:154.20,156.3 1 0
github.com/xcoleman/pulse/internal/briefing/engine.go:157.2,157.23 1 1
github.com/xcoleman/pulse/internal/briefing/engine.go:157.23,159.3 1 1
github.com/xcoleman/pulse/internal/briefing/engine.go:161.2,161.16 1 1
github.com/xcoleman/pulse/internal/briefing/engine.go:165.43,167.18 2 1
github.com/xcoleman/pulse/internal/briefing/engine.go:167.18,169.3 1 1
github.com/xcoleman/pulse/internal/briefing/engine.go:172.2,172.36 1 1
github.com/xcoleman/pulse/internal/briefing/engine.go:172.36,176.15 4 1
github.com/xcoleman/pulse/internal/briefing/engine.go:176.15,178.4 1 1
github.com/xcoleman/pulse/internal/briefing/engine.go:182.2,182.45 1 1
github.com/xcoleman/pulse/internal/discovery/discovery.go:27.68,29.30 2 1
github.com/xcoleman/pulse/internal/discovery/discovery.go:29.30,31.3 1 1
github.com/xcoleman/pulse/internal/discovery/discovery.go:33.2,36.35 3 1
github.com/xcoleman/pulse/internal/discovery/discovery.go:36.35,38.39 1 1
github.com/xcoleman/pulse/internal/discovery/discovery.go:38.39,40.18 2 0
github.com/xcoleman/pulse/internal/discovery/discovery.go:40.18,42.5 1 0
github.com/xcoleman/pulse/internal/discovery/discovery.go:43.4,43.46 1 0
github.com/xcoleman/pulse/internal/discovery/discovery.go:46.3,47.17 2 1
github.com/xcoleman/pulse/internal/discovery/discovery.go:47.17,49.4 1 0
github.com/xcoleman/pulse/internal/discovery/discovery.go:51.3,52.17 2 1
github.com/xcoleman/pulse/internal/discovery/discovery.go:52.17,54.4 1 0
github.com/xcoleman/pulse/internal/discovery/discovery.go:56.3,56.27 1 1
github.com/xcoleman/pulse/internal/discovery/discovery.go:56.27,57.21 1 1
github.com/xcoleman/pulse/internal/discovery/discovery.go:57.21,60.5 2 1
github.com/xcoleman/pulse/internal/discovery/discovery.go:64.2,64.40 1 1
github.com/xcoleman/pulse/internal/discovery/discovery.go:64.40,66.3 1 1
github.com/xcoleman/pulse/internal/discovery/discovery.go:68.2,68.19 1 1
github.com/xcoleman/pulse/internal/discovery/discovery.go:71.86,72.23 1 1
github.com/xcoleman/pulse/internal/discovery/discovery.go:72.23,74.3 1 1
github.com/xcoleman/pulse/internal/discovery/discovery.go:76.2,77.16 2 1
github.com/xcoleman/pulse/internal/discovery/discovery.go:77.16,79.3 1 0
github.com/xcoleman/pulse/internal/discovery/discovery.go:81.2,83.32 2 1
github.com/xcoleman/pulse/internal/discovery/discovery.go:83.32,84.21 1 1
github.com/xcoleman/pulse/internal/discovery/discovery.go:84.21,85.12 1 0
github.com/xcoleman/pulse/internal/discovery/discovery.go:88.3,91.21 2 1
github.com/xcoleman/pulse/internal/discovery/discovery.go:91.21,92.12 1 0
github.com/xcoleman/pulse/internal/discovery/discovery.go:96.3,96.46 1 1
github.com/xcoleman/pulse/internal/discovery/discovery.go:96.46,97.12 1 1
github.com/xcoleman/pulse/internal/discovery/discovery.go:100.3,104.63 3 1
github.com/xcoleman/pulse/internal/discovery/discovery.go:104.63,109.12 2 1
github.com/xcoleman/pulse/internal/discovery/discovery.go:113.3,114.17 2 1
github.com/xcoleman/pulse/internal/discovery/discovery.go:114.17,116.4 1 0
github.com/xcoleman/pulse/internal/discovery/discovery.go:117.3,117.32 1 1
github.com/xcoleman/pulse/internal/discovery/discovery.go:120.2,120.19 1 1
github.com/xcoleman/pulse/internal/tui/app.go:32.41,37.2 1 1
github.com/xcoleman/pulse/internal/tui/app.go:39.31,41.2 1 0
github.com/xcoleman/pulse/internal/tui/app.go:43.57,44.27 1 1
github.com/xcoleman/pulse/internal/tui/app.go:45.18,46.23 1 1
github.com/xcoleman/pulse/internal/tui/app.go:47.22,48.22 1 1
github.com/xcoleman/pulse/internal/tui/app.go:49.12,50.29 1 0
github.com/xcoleman/pulse/internal/tui/app.go:51.12,53.24 2 1
github.com/xcoleman/pulse/internal/tui/app.go:54.12,56.24 2 1
github.com/xcoleman/pulse/internal/tui/app.go:57.20,58.16 1 1
github.com/xcoleman/pulse/internal/tui/app.go:59.18,60.14 1 0
github.com/xcoleman/pulse/internal/tui/app.go:61.16,62.20 1 1
github.com/xcoleman/pulse/internal/tui/app.go:63.14,65.22 2 1
github.com/xcoleman/pulse/internal/tui/app.go:66.12,67.28 1 1
github.com/xcoleman/pulse/internal/tui/app.go:69.25,71.24 2 1
github.com/xcoleman/pulse/internal/tui/app.go:73.2,73.15 1 1
github.com/xcoleman/pulse/internal/tui/app.go:76.28,77.21 1 1
github.com/xcoleman/pulse/internal/tui/app.go:78.19,79.50 1 1
github.com/xcoleman/pulse/internal/tui/app.go:79.50,81.4 1 1
github.com/xcoleman/pulse/internal/tui/app.go:82.16,83.63 1 1
github.com/xcoleman/pulse/internal/tui/app.go:83.63,85.4 1 1
github.com/xcoleman/pulse/internal/tui/app.go:89.26,90.21 1 0
github.com/xcoleman/pulse/internal/tui/app.go:91.19,92.25 1 0
github.com/xcoleman/pulse/internal/tui/app.go:92.25,94.4 1 0
github.com/xcoleman/pulse/internal/tui/app.go:95.16,96.25 1 0
github.com/xcoleman/pulse/internal/tui/app.go:96.25,98.4 1 0
github.com/xcoleman/pulse/internal/tui/app.go:102.32,103.21 1 1
github.com/xcoleman/pulse/internal/tui/app.go:104.19,105.31 1 1
github.com/xcoleman/pulse/internal/tui/app.go:106.16,107.31 1 1
github.com/xcoleman/pulse/internal/tui/app.go:111.31,114.2 2 1
github.com/xcoleman/pulse/internal/tui/app.go:116.30,131.25 4 1
github.com/xcoleman/pulse/internal/tui/app.go:131.25,133.25 2 1
github.com/xcoleman/pulse/internal/tui/app.go:133.25,135.4 1 1
github.com/xcoleman/pulse/internal/tui/app.go:135.9,137.4 1 1
github.com/xcoleman/pulse/internal/tui/app.go:140.2,147.21 6 1
github.com/xcoleman/pulse/internal/tui/app.go:148.19,149.57 1 1
github.com/xcoleman/pulse/internal/tui/app.go:150.19,151.96 1 1
github.com/xcoleman/pulse/internal/tui/app.go:152.16,153.96 1 1
github.com/xcoleman/pulse/internal/tui/app.go:157.2,158.16 2 1
github.com/xcoleman/pulse/internal/tui/app.go:158.16,169.3 1 1
github.com/xcoleman/pulse/internal/tui/app.go:169.8,171.3 1 1
github.com/xcoleman/pulse/internal/tui/app.go:173.2,173.20 1 1
github.com/xcoleman/pulse/internal/tui/briefing_tab.go:10.62,19.31 6 1
github.com/xcoleman/pulse/internal/tui/briefing_tab.go:19.31,22.54 3 1
github.com/xcoleman/pulse/internal/tui/briefing_tab.go:22.54,25.24 3 1
github.com/xcoleman/pulse/internal/tui/briefing_tab.go:25.24,27.5 1 1
github.com/xcoleman/pulse/internal/tui/briefing_tab.go:28.4,28.19 1 1
github.com/xcoleman/pulse/internal/tui/briefing_tab.go:28.19,30.5 1 1
github.com/xcoleman/pulse/internal/tui/briefing_tab.go:31.4,31.20 1 1
github.com/xcoleman/pulse/internal/tui/briefing_tab.go:31.20,33.5 1 0
github.com/xcoleman/pulse/internal/tui/briefing_tab.go:34.4,34.39 1 1
github.com/xcoleman/pulse/internal/tui/briefing_tab.go:36.3,36.92 1 1
github.com/xcoleman/pulse/internal/tui/briefing_tab.go:39.2,42.30 2 1
github.com/xcoleman/pulse/internal/tui/briefing_tab.go:42.30,45.37 3 1
github.com/xcoleman/pulse/internal/tui/briefing_tab.go:45.37,47.4 1 1
github.com/xcoleman/pulse/internal/tui/briefing_tab.go:48.3,48.23 1 1
github.com/xcoleman/pulse/internal/tui/briefing_tab.go:52.2,52.34 1 1
github.com/xcoleman/pulse/internal/tui/briefing_tab.go:52.34,55.46 3 1
github.com/xcoleman/pulse/internal/tui/briefing_tab.go:55.46,57.4 1 1
github.com/xcoleman/pulse/internal/tui/briefing_tab.go:58.3,60.23 2 1
github.com/xcoleman/pulse/internal/tui/briefing_tab.go:64.2,64.23 1 1
github.com/xcoleman/pulse/internal/tui/briefing_tab.go:64.23,67.30 3 0
github.com/xcoleman/pulse/internal/tui/briefing_tab.go:67.30,69.42 2 0
github.com/xcoleman/pulse/internal/tui/briefing_tab.go:69.42,71.5 1 0
github.com/xcoleman/pulse/internal/tui/briefing_tab.go:72.4,72.98 1 0
github.com/xcoleman/pulse/internal/tui/briefing_tab.go:74.3,74.23 1 0
github.com/xcoleman/pulse/internal/tui/briefing_tab.go:78.2,85.20 4 1
github.com/xcoleman/pulse/internal/tui/costs_tab.go:10.89,16.24 4 1
github.com/xcoleman/pulse/internal/tui/costs_tab.go:16.24,19.3 2 0
github.com/xcoleman/pulse/internal/tui/costs_tab.go:21.2,21.34 1 1
github.com/xcoleman/pulse/internal/tui/costs_tab.go:21.34,23.20 2 1
github.com/xcoleman/pulse/internal/tui/costs_tab.go:23.20,25.4 1 1
github.com/xcoleman/pulse/internal/tui/costs_tab.go:28.3,36.30 6 1
github.com/xcoleman/pulse/internal/tui/costs_tab.go:36.30,40.28 4 1
github.com/xcoleman/pulse/internal/tui/costs_tab.go:40.28,42.5 1 0
github.com/xcoleman/pulse/internal/tui/costs_tab.go:43.4,43.25 1 1
github.com/xcoleman/pulse/internal/tui/costs_tab.go:43.25,45.5 1 1
github.com/xcoleman/pulse/internal/tui/costs_tab.go:47.4,48.25 2 1
github.com/xcoleman/pulse/internal/tui/costs_tab.go:48.25,50.5 1 1
github.com/xcoleman/pulse/internal/tui/costs_tab.go:51.4,52.24 2 1
github.com/xcoleman/pulse/internal/tui/costs_tab.go:56.2,59.20 2 1
github.com/xcoleman/pulse/internal/tui/projects_tab.go:10.103,16.29 4 1
github.com/xcoleman/pulse/internal/tui/projects_tab.go:16.29,18.54 2 1
github.com/xcoleman/pulse/internal/tui/projects_tab.go:18.54,20.4 1 1
github.com/xcoleman/pulse/internal/tui/projects_tab.go:22.3,23.20 2 1
github.com/xcoleman/pulse/internal/tui/projects_tab.go:23.20,25.4 1 1
github.com/xcoleman/pulse/internal/tui/projects_tab.go:27.3,30.23 3 1
github.com/xcoleman/pulse/internal/tui/projects_tab.go:30.23,32.4 1 1
github.com/xcoleman/pulse/internal/tui/projects_tab.go:33.3,33.18 1 1
github.com/xcoleman/pulse/internal/tui/projects_tab.go:33.18,35.4 1 1
github.com/xcoleman/pulse/internal/tui/projects_tab.go:36.3,36.19 1 1
github.com/xcoleman/pulse/internal/tui/projects_tab.go:36.19,38.4 1 0
github.com/xcoleman/pulse/internal/tui/projects_tab.go:39.3,39.23 1 1
github.com/xcoleman/pulse/internal/tui/projects_tab.go:39.23,41.4 1 1
github.com/xcoleman/pulse/internal/tui/projects_tab.go:42.3,45.30 2 1
github.com/xcoleman/pulse/internal/tui/projects_tab.go:45.30,47.27 2 0
github.com/xcoleman/pulse/internal/tui/projects_tab.go:47.27,49.35 2 0
github.com/xcoleman/pulse/internal/tui/projects_tab.go:49.35,51.21 2 0
github.com/xcoleman/pulse/internal/tui/projects_tab.go:51.21,53.7 1 0
github.com/xcoleman/pulse/internal/tui/projects_tab.go:54.6,55.22 2 0
github.com/xcoleman/pulse/internal/tui/projects_tab.go:55.22,57.7 1 0
github.com/xcoleman/pulse/internal/tui/projects_tab.go:58.6,58.86 1 0
github.com/xcoleman/pulse/internal/tui/projects_tab.go:61.4,61.24 1 0
github.com/xcoleman/pulse/internal/tui/projects_tab.go:65.2,65.20 1 1
github.com/xcoleman/pulse/internal/writer/obsidian.go:16.42,18.2 1 1
github.com/xcoleman/pulse/internal/writer/obsidian.go:20.40,20.61 1 1
github.com/xcoleman/pulse/internal/writer/obsidian.go:22.99,23.34 1 1
github.com/xcoleman/pulse/internal/writer/obsidian.go:23.34,25.3 1 1
github.com/xcoleman/pulse/internal/writer/obsidian.go:27.2,32.70 4 1
github.com/xcoleman/pulse/internal/writer/obsidian.go:32.70,34.3 1 0
github.com/xcoleman/pulse/internal/writer/obsidian.go:36.2,37.19 2 1
github.com/xcoleman/pulse/internal/writer/obsidian.go:37.19,39.3 1 0
github.com/xcoleman/pulse/internal/writer/obsidian.go:42.2,47.16 4 1
github.com/xcoleman/pulse/internal/writer/obsidian.go:47.16,49.48 2 1
github.com/xcoleman/pulse/internal/writer/obsidian.go:49.48,51.4 1 0
github.com/xcoleman/pulse/internal/writer/obsidian.go:52.3,52.55 1 1
github.com/xcoleman/pulse/internal/writer/obsidian.go:56.2,57.54 2 1
github.com/xcoleman/pulse/internal/writer/obsidian.go:57.54,60.23 3 1
github.com/xcoleman/pulse/internal/writer/obsidian.go:60.23,62.4 1 1
github.com/xcoleman/pulse/internal/writer/obsidian.go:62.9,64.4 1 0
github.com/xcoleman/pulse/internal/writer/obsidian.go:65.8,67.3 1 1
github.com/xcoleman/pulse/internal/writer/obsidian.go:69.2,69.54 1 1
github.com/xcoleman/pulse/internal/writer/obsidian.go:72.48,79.31 4 1
github.com/xcoleman/pulse/internal/writer/obsidian.go:79.31,82.54 3 1
github.com/xcoleman/pulse/internal/writer/obsidian.go:82.54,85.24 3 1
github.com/xcoleman/pulse/internal/writer/obsidian.go:85.24,87.5 1 1
github.com/xcoleman/pulse/internal/writer/obsidian.go:88.4,88.19 1 1
github.com/xcoleman/pulse/internal/writer/obsidian.go:88.19,90.5 1 1
github.com/xcoleman/pulse/internal/writer/obsidian.go:91.4,91.20 1 1
github.com/xcoleman/pulse/internal/writer/obsidian.go:91.20,93.5 1 0
github.com/xcoleman/pulse/internal/writer/obsidian.go:94.4,94.39 1 1
github.com/xcoleman/pulse/internal/writer/obsidian.go:96.3,96.98 1 1
github.com/xcoleman/pulse/internal/writer/obsidian.go:98.2,101.30 2 1
github.com/xcoleman/pulse/internal/writer/obsidian.go:101.30,103.37 2 1
github.com/xcoleman/pulse/internal/writer/obsidian.go:103.37,105.4 1 1
github.com/xcoleman/pulse/internal/writer/obsidian.go:106.3,106.23 1 1
github.com/xcoleman/pulse/internal/writer/obsidian.go:110.2,110.34 1 1
github.com/xcoleman/pulse/internal/writer/obsidian.go:110.34,113.46 3 1
github.com/xcoleman/pulse/internal/writer/obsidian.go:113.46,115.4 1 1
github.com/xcoleman/pulse/internal/writer/obsidian.go:116.3,117.85 1 1
github.com/xcoleman/pulse/internal/writer/obsidian.go:121.2,121.23 1 1
github.com/xcoleman/pulse/internal/writer/obsidian.go:121.23,123.30 2 0
github.com/xcoleman/pulse/internal/writer/obsidian.go:123.30,125.4 1 0
github.com/xcoleman/pulse/internal/writer/obsidian.go:126.3,126.23 1 0
github.com/xcoleman/pulse/internal/writer/obsidian.go:130.2,136.20 3 1
github.com/xcoleman/pulse/internal/writer/registry.go:23.25,27.2 3 1
github.com/xcoleman/pulse/internal/writer/registry.go:30.38,35.2 4 1
github.com/xcoleman/pulse/internal/writer/registry.go:38.21,42.29 4 1
github.com/xcoleman/pulse/internal/writer/registry.go:42.29,44.3 1 1
github.com/xcoleman/pulse/internal/writer/registry.go:45.2,45.15 1 1
github.com/xcoleman/pulse/internal/writer/registry.go:48.13,51.2 2 1
github.com/xcoleman/pulse/internal/writer/stdout.go:18.51,19.16 1 1
github.com/xcoleman/pulse/internal/writer/stdout.go:19.16,21.3 1 1
github.com/xcoleman/pulse/internal/writer/stdout.go:22.2,22.32 1 1
github.com/xcoleman/pulse/internal/writer/stdout.go:25.38,25.57 1 1
github.com/xcoleman/pulse/internal/writer/stdout.go:27.97,37.2 7 1
github.com/xcoleman/pulse/internal/writer/stdout.go:39.72,41.29 2 1
github.com/xcoleman/pulse/internal/writer/stdout.go:41.29,44.54 3 1
github.com/xcoleman/pulse/internal/writer/stdout.go:44.54,47.24 3 1
github.com/xcoleman/pulse/internal/writer/stdout.go:47.24,49.5 1 1
github.com/xcoleman/pulse/internal/writer/stdout.go:50.4,50.19 1 1
github.com/xcoleman/pulse/internal/writer/stdout.go:50.19,52.5 1 1
github.com/xcoleman/pulse/internal/writer/stdout.go:53.4,53.20 1 1
github.com/xcoleman/pulse/internal/writer/stdout.go:53.20,55.5 1 0
github.com/xcoleman/pulse/internal/writer/stdout.go:56.4,56.39 1 1
github.com/xcoleman/pulse/internal/writer/stdout.go:58.3,58.83 1 1
github.com/xcoleman/pulse/internal/writer/stdout.go:60.2,60.21 1 1
github.com/xcoleman/pulse/internal/writer/stdout.go:63.73,64.22 1 1
github.com/xcoleman/pulse/internal/writer/stdout.go:64.22,66.3 1 0
github.com/xcoleman/pulse/internal/writer/stdout.go:67.2,68.27 2 1
github.com/xcoleman/pulse/internal/writer/stdout.go:68.27,71.3 2 1
github.com/xcoleman/pulse/internal/writer/stdout.go:72.2,72.21 1 1
github.com/xcoleman/pulse/internal/writer/stdout.go:75.58,76.28 1 1
github.com/xcoleman/pulse/internal/writer/stdout.go:76.28,78.3 1 0
github.com/xcoleman/pulse/internal/writer/stdout.go:79.2,80.34 2 1
github.com/xcoleman/pulse/internal/writer/stdout.go:80.34,81.25 1 1
github.com/xcoleman/pulse/internal/writer/stdout.go:81.25,83.4 1 1
github.com/xcoleman/pulse/internal/writer/stdout.go:83.9,85.4 1 0
github.com/xcoleman/pulse/internal/writer/stdout.go:86.3,86.27 1 1
github.com/xcoleman/pulse/internal/writer/stdout.go:86.27,88.4 1 0
github.com/xcoleman/pulse/internal/writer/stdout.go:89.3,89.22 1 1
github.com/xcoleman/pulse/internal/writer/stdout.go:91.2,91.23 1 1
github.com/xcoleman/pulse/internal/writer/stdout.go:91.23,93.3 1 1
github.com/xcoleman/pulse/internal/writer/stdout.go:94.2,94.21 1 1
github.com/xcoleman/pulse/internal/writer/stdout.go:97.72,98.26 1 1
github.com/xcoleman/pulse/internal/writer/stdout.go:98.26,100.3 1 1
github.com/xcoleman/pulse/internal/writer/stdout.go:101.2,102.31 2 0
github.com/xcoleman/pulse/internal/writer/stdout.go:102.31,104.3 1 0
github.com/xcoleman/pulse/internal/writer/stdout.go:105.2,105.21 1 0
github.com/xcoleman/pulse/internal/writer/stdout.go:108.63,115.2 3 1
github.com/xcoleman/pulse/internal/config/config.go:67.51,68.41 1 1
github.com/xcoleman/pulse/internal/config/config.go:68.41,70.3 1 1
github.com/xcoleman/pulse/internal/config/config.go:71.2,71.13 1 1
github.com/xcoleman/pulse/internal/config/config.go:75.32,78.2 2 0
github.com/xcoleman/pulse/internal/config/config.go:81.33,83.2 1 0
github.com/xcoleman/pulse/internal/config/config.go:87.85,94.2 5 1
github.com/xcoleman/pulse/internal/config/config.go:96.41,105.16 6 1
github.com/xcoleman/pulse/internal/config/config.go:105.16,107.42 2 1
github.com/xcoleman/pulse/internal/config/config.go:107.42,108.57 1 1
github.com/xcoleman/pulse/internal/config/config.go:108.57,109.28 1 1
github.com/xcoleman/pulse/internal/config/config.go:109.28,111.6 1 0
github.com/xcoleman/pulse/internal/config/config.go:116.2,117.41 2 1
github.com/xcoleman/pulse/internal/config/config.go:117.41,119.3 1 0
github.com/xcoleman/pulse/internal/config/config.go:121.2,121.17 1 1
github.com/xcoleman/pulse/internal/config/config.go:167.41,169.47 2 1
github.com/xcoleman/pulse/internal/config/config.go:169.47,171.3 1 0
github.com/xcoleman/pulse/internal/config/config.go:172.2,172.64 1 1
github.com/xcoleman/pulse/internal/cli/config_cmd.go:21.54,23.42 2 0
github.com/xcoleman/pulse/internal/cli/config_cmd.go:23.42,25.4 1 0
github.com/xcoleman/pulse/internal/cli/config_cmd.go:26.3,26.54 1 0
github.com/xcoleman/pulse/internal/cli/config_cmd.go:26.54,28.4 1 0
github.com/xcoleman/pulse/internal/cli/config_cmd.go:30.3,31.15 2 0
github.com/xcoleman/pulse/internal/cli/config_cmd.go:31.15,33.4 1 0
github.com/xcoleman/pulse/internal/cli/config_cmd.go:34.3,35.13 2 0
github.com/xcoleman/pulse/internal/cli/config_cmd.go:42.54,45.15 2 0
github.com/xcoleman/pulse/internal/cli/config_cmd.go:45.15,47.18 2 0
github.com/xcoleman/pulse/internal/cli/config_cmd.go:47.18,49.5 1 0
github.com/xcoleman/pulse/internal/cli/config_cmd.go:50.4,50.23 1 0
github.com/xcoleman/pulse/internal/cli/config_cmd.go:53.3,55.17 3 0
github.com/xcoleman/pulse/internal/cli/config_cmd.go:55.17,57.4 1 0
github.com/xcoleman/pulse/internal/cli/config_cmd.go:58.3,59.13 2 0
github.com/xcoleman/pulse/internal/cli/config_cmd.go:66.54,68.17 2 0
github.com/xcoleman/pulse/internal/cli/config_cmd.go:68.17,70.4 1 0
github.com/xcoleman/pulse/internal/cli/config_cmd.go:72.3,83.37 4 0
github.com/xcoleman/pulse/internal/cli/config_cmd.go:83.37,87.24 4 0
github.com/xcoleman/pulse/internal/cli/config_cmd.go:87.24,89.31 2 0
github.com/xcoleman/pulse/internal/cli/config_cmd.go:89.31,90.28 1 0
github.com/xcoleman/pulse/internal/cli/config_cmd.go:90.28,92.12 2 0
github.com/xcoleman/pulse/internal/cli/config_cmd.go:95.5,95.15 1 0
github.com/xcoleman/pulse/internal/cli/config_cmd.go:95.15,97.6 1 0
github.com/xcoleman/pulse/internal/cli/config_cmd.go:97.11,99.6 1 0
github.com/xcoleman/pulse/internal/cli/config_cmd.go:101.4,106.6 1 0
github.com/xcoleman/pulse/internal/cli/config_cmd.go:109.3,109.15 1 0
github.com/xcoleman/pulse/internal/cli/config_cmd.go:109.15,111.4 1 0
github.com/xcoleman/pulse/internal/cli/config_cmd.go:113.3,116.30 3 0
github.com/xcoleman/pulse/internal/cli/config_cmd.go:116.30,118.18 2 0
github.com/xcoleman/pulse/internal/cli/config_cmd.go:118.18,120.5 1 0
github.com/xcoleman/pulse/internal/cli/config_cmd.go:121.4,122.26 2 0
github.com/xcoleman/pulse/internal/cli/config_cmd.go:122.26,124.5 1 0
github.com/xcoleman/pulse/internal/cli/config_cmd.go:125.4,125.78 1 0
github.com/xcoleman/pulse/internal/cli/config_cmd.go:127.3,127.13 1 0
github.com/xcoleman/pulse/internal/cli/config_cmd.go:131.13,136.2 4 1
github.com/xcoleman/pulse/internal/cli/costs_cmd.go:16.13,20.2 3 1
github.com/xcoleman/pulse/internal/cli/costs_cmd.go:22.56,24.16 2 0
github.com/xcoleman/pulse/internal/cli/costs_cmd.go:24.16,26.3 1 0
github.com/xcoleman/pulse/internal/cli/costs_cmd.go:28.2,29.18 2 0
github.com/xcoleman/pulse/internal/cli/costs_cmd.go:29.18,31.3 1 0
github.com/xcoleman/pulse/internal/cli/costs_cmd.go:33.2,34.16 2 0
github.com/xcoleman/pulse/internal/cli/costs_cmd.go:34.16,36.3 1 0
github.com/xcoleman/pulse/internal/cli/costs_cmd.go:37.2,43.16 4 0
github.com/xcoleman/pulse/internal/cli/costs_cmd.go:43.16,45.3 1 0
github.com/xcoleman/pulse/internal/cli/costs_cmd.go:47.2,52.19 4 0
github.com/xcoleman/pulse/internal/cli/costs_cmd.go:52.19,54.35 1 0
github.com/xcoleman/pulse/internal/cli/costs_cmd.go:54.35,55.29 1 0
github.com/xcoleman/pulse/internal/cli/costs_cmd.go:55.29,56.17 1 0
github.com/xcoleman/pulse/internal/cli/costs_cmd.go:56.17,58.6 1 0
github.com/xcoleman/pulse/internal/cli/costs_cmd.go:59.5,60.15 2 0
github.com/xcoleman/pulse/internal/cli/costs_cmd.go:63.3,63.53 1 0
github.com/xcoleman/pulse/internal/cli/costs_cmd.go:66.2,66.14 1 0
github.com/xcoleman/pulse/internal/cli/costs_cmd.go:66.14,68.3 1 0
github.com/xcoleman/pulse/internal/cli/costs_cmd.go:70.2,71.34 2 0
github.com/xcoleman/pulse/internal/cli/costs_cmd.go:71.34,72.25 1 0
github.com/xcoleman/pulse/internal/cli/costs_cmd.go:72.25,74.4 1 0
github.com/xcoleman/pulse/internal/cli/costs_cmd.go:74.9,76.4 1 0
github.com/xcoleman/pulse/internal/cli/costs_cmd.go:77.3,77.27 1 0
github.com/xcoleman/pulse/internal/cli/costs_cmd.go:77.27,79.4 1 0
github.com/xcoleman/pulse/internal/cli/costs_cmd.go:80.3,80.16 1 0
github.com/xcoleman/pulse/internal/cli/costs_cmd.go:82.2,82.23 1 0
github.com/xcoleman/pulse/internal/cli/costs_cmd.go:82.23,85.3 1 0
github.com/xcoleman/pulse/internal/cli/costs_cmd.go:87.2,87.12 1 0
github.com/xcoleman/pulse/internal/cli/obsidian_cmd.go:22.13,25.2 2 1
github.com/xcoleman/pulse/internal/cli/obsidian_cmd.go:27.59,29.16 2 0
github.com/xcoleman/pulse/internal/cli/obsidian_cmd.go:29.16,31.3 1 0
github.com/xcoleman/pulse/internal/cli/obsidian_cmd.go:33.2,34.16 2 0
github.com/xcoleman/pulse/internal/cli/obsidian_cmd.go:34.16,36.3 1 0
github.com/xcoleman/pulse/internal/cli/obsidian_cmd.go:37.2,43.20 5 0
github.com/xcoleman/pulse/internal/cli/obsidian_cmd.go:43.20,45.17 2 0
github.com/xcoleman/pulse/internal/cli/obsidian_cmd.go:45.17,47.4 1 0
github.com/xcoleman/pulse/internal/cli/obsidian_cmd.go:48.3,48.34 1 0
github.com/xcoleman/pulse/internal/cli/obsidian_cmd.go:51.2,52.16 2 0
github.com/xcoleman/pulse/internal/cli/obsidian_cmd.go:52.16,54.3 1 0
github.com/xcoleman/pulse/internal/cli/obsidian_cmd.go:56.2,57.14 2 0
github.com/xcoleman/pulse/internal/cli/obsidian_cmd.go:57.14,66.3 4 0
github.com/xcoleman/pulse/internal/cli/obsidian_cmd.go:68.2,69.55 2 0
github.com/xcoleman/pulse/internal/cli/obsidian_cmd.go:69.55,71.3 1 0
github.com/xcoleman/pulse/internal/cli/obsidian_cmd.go:74.2,87.12 7 0
github.com/xcoleman/pulse/internal/cli/projects_cmd.go:20.13,23.2 2 1
github.com/xcoleman/pulse/internal/cli/projects_cmd.go:25.59,27.16 2 0
github.com/xcoleman/pulse/internal/cli/projects_cmd.go:27.16,29.3 1 0
github.com/xcoleman/pulse/internal/cli/projects_cmd.go:31.2,32.16 2 0
github.com/xcoleman/pulse/internal/cli/projects_cmd.go:32.16,34.3 1 0
github.com/xcoleman/pulse/internal/cli/projects_cmd.go:35.2,39.16 4 0
github.com/xcoleman/pulse/internal/cli/projects_cmd.go:39.16,41.3 1 0
github.com/xcoleman/pulse/internal/cli/projects_cmd.go:43.2,46.16 3 0
github.com/xcoleman/pulse/internal/cli/projects_cmd.go:46.16,47.32 1 0
github.com/xcoleman/pulse/internal/cli/projects_cmd.go:47.32,48.26 1 0
github.com/xcoleman/pulse/internal/cli/projects_cmd.go:48.26,49.17 1 0
github.com/xcoleman/pulse/internal/cli/projects_cmd.go:49.17,51.6 1 0
github.com/xcoleman/pulse/internal/cli/projects_cmd.go:52.5,53.15 2 0
github.com/xcoleman/pulse/internal/cli/projects_cmd.go:56.3,56.47 1 0
github.com/xcoleman/pulse/internal/cli/projects_cmd.go:59.2,59.14 1 0
github.com/xcoleman/pulse/internal/cli/projects_cmd.go:59.14,61.3 1 0
github.com/xcoleman/pulse/internal/cli/projects_cmd.go:63.2,63.31 1 0
github.com/xcoleman/pulse/internal/cli/projects_cmd.go:63.31,65.3 1 0
github.com/xcoleman/pulse/internal/cli/projects_cmd.go:66.2,66.12 1 0
github.com/xcoleman/pulse/internal/cli/projects_cmd.go:69.44,72.53 3 0
github.com/xcoleman/pulse/internal/cli/projects_cmd.go:72.53,75.23 3 0
github.com/xcoleman/pulse/internal/cli/projects_cmd.go:75.23,77.4 1 0
github.com/xcoleman/pulse/internal/cli/projects_cmd.go:78.3,78.18 1 0
github.com/xcoleman/pulse/internal/cli/projects_cmd.go:78.18,80.4 1 0
github.com/xcoleman/pulse/internal/cli/projects_cmd.go:81.3,81.19 1 0
github.com/xcoleman/pulse/internal/cli/projects_cmd.go:81.19,83.4 1 0
github.com/xcoleman/pulse/internal/cli/projects_cmd.go:84.3,84.38 1 0
github.com/xcoleman/pulse/internal/cli/projects_cmd.go:86.2,88.25 2 0
github.com/xcoleman/pulse/internal/cli/projects_cmd.go:88.25,89.33 1 0
github.com/xcoleman/pulse/internal/cli/projects_cmd.go:89.33,90.21 1 0
github.com/xcoleman/pulse/internal/cli/projects_cmd.go:90.21,92.20 2 0
github.com/xcoleman/pulse/internal/cli/projects_cmd.go:92.20,94.6 1 0
github.com/xcoleman/pulse/internal/cli/projects_cmd.go:95.5,95.58 1 0
github.com/xcoleman/pulse/internal/cli/projects_cmd.go:101.35,105.2 3 0
github.com/xcoleman/pulse/internal/cli/root.go:33.13,39.69 4 1
github.com/xcoleman/pulse/internal/cli/root.go:39.69,40.15 1 0
github.com/xcoleman/pulse/internal/cli/root.go:40.15,42.4 1 0
github.com/xcoleman/pulse/internal/cli/root.go:42.9,45.4 2 0
github.com/xcoleman/pulse/internal/cli/root.go:49.16,50.42 1 0
github.com/xcoleman/pulse/internal/cli/root.go:50.42,51.20 1 0
github.com/xcoleman/pulse/internal/cli/root.go:51.20,53.4 1 0
github.com/xcoleman/pulse/internal/cli/root.go:54.3,54.20 1 0
github.com/xcoleman/pulse/internal/cli/root.go:58.43,60.2 1 0
github.com/xcoleman/pulse/internal/cli/root.go:62.39,65.2 2 0
github.com/xcoleman/pulse/internal/cli/root.go:67.59,69.16 2 0
github.com/xcoleman/pulse/internal/cli/root.go:69.16,71.3 1 0
github.com/xcoleman/pulse/internal/cli/root.go:73.2,74.16 2 0
github.com/xcoleman/pulse/internal/cli/root.go:74.16,76.3 1 0
github.com/xcoleman/pulse/internal/cli/root.go:77.2,83.20 5 0
github.com/xcoleman/pulse/internal/cli/root.go:83.20,85.17 2 0
github.com/xcoleman/pulse/internal/cli/root.go:85.17,87.4 1 0
github.com/xcoleman/pulse/internal/cli/root.go:88.3,88.34 1 0
github.com/xcoleman/pulse/internal/cli/root.go:91.2,92.16 2 0
github.com/xcoleman/pulse/internal/cli/root.go:92.16,94.3 1 0
github.com/xcoleman/pulse/internal/cli/root.go:96.2,101.55 4 0
github.com/xcoleman/pulse/internal/cli/root.go:101.55,103.3 1 0
github.com/xcoleman/pulse/internal/cli/root.go:105.2,105.14 1 0
github.com/xcoleman/pulse/internal/cli/root.go:105.14,112.18 3 0
github.com/xcoleman/pulse/internal/cli/root.go:112.18,114.4 1 0
github.com/xcoleman/pulse/internal/cli/root.go:115.3,115.23 1 0
github.com/xcoleman/pulse/internal/cli/root.go:119.2,125.17 2 0
github.com/xcoleman/pulse/internal/cli/root.go:125.17,127.3 1 0
github.com/xcoleman/pulse/internal/cli/root.go:129.2,129.12 1 0
github.com/xcoleman/pulse/internal/cli/root.go:132.58,134.31 1 1
github.com/xcoleman/pulse/internal/cli/root.go:134.31,137.60 3 1
github.com/xcoleman/pulse/internal/cli/root.go:137.60,139.4 1 0
github.com/xcoleman/pulse/internal/cli/root.go:140.3,140.16 1 1
github.com/xcoleman/pulse/internal/cli/root.go:140.16,142.4 1 0
github.com/xcoleman/pulse/internal/cli/root.go:143.3,143.51 1 1
github.com/xcoleman/pulse/internal/cli/root.go:145.2,146.16 2 1
github.com/xcoleman/pulse/internal/cli/root.go:146.16,148.3 1 1
github.com/xcoleman/pulse/internal/cli/root.go:149.2,149.12 1 1
github.com/xcoleman/pulse/internal/cli/root.go:149.12,151.3 1 0
github.com/xcoleman/pulse/internal/cli/root.go:152.2,152.15 1 1
github.com/xcoleman/pulse/internal/cli/sync_cmd.go:20.13,23.2 2 1
github.com/xcoleman/pulse/internal/cli/sync_cmd.go:25.55,27.16 2 0
github.com/xcoleman/pulse/internal/cli/sync_cmd.go:27.16,29.3 1 0
github.com/xcoleman/pulse/internal/cli/sync_cmd.go:31.2,32.16 2 0
github.com/xcoleman/pulse/internal/cli/sync_cmd.go:32.16,34.3 1 0
github.com/xcoleman/pulse/internal/cli/sync_cmd.go:35.2,44.16 7 0
github.com/xcoleman/pulse/internal/cli/sync_cmd.go:44.16,47.35 2 0
github.com/xcoleman/pulse/internal/cli/sync_cmd.go:47.35,48.24 1 0
github.com/xcoleman/pulse/internal/cli/sync_cmd.go:48.24,50.24 2 0
github.com/xcoleman/pulse/internal/cli/sync_cmd.go:50.24,52.26 2 0
github.com/xcoleman/pulse/internal/cli/sync_cmd.go:52.26,54.7 1 0
github.com/xcoleman/pulse/internal/cli/sync_cmd.go:55.6,55.67 1 0
github.com/xcoleman/pulse/internal/cli/sync_cmd.go:57.5,57.10 1 0
github.com/xcoleman/pulse/internal/cli/sync_cmd.go:60.3,60.13 1 0
github.com/xcoleman/pulse/internal/cli/sync_cmd.go:60.13,62.4 1 0
github.com/xcoleman/pulse/internal/cli/sync_cmd.go:63.3,63.66 1 0
github.com/xcoleman/pulse/internal/cli/sync_cmd.go:64.8,66.3 1 0
github.com/xcoleman/pulse/internal/cli/sync_cmd.go:69.2,69.34 1 0
github.com/xcoleman/pulse/internal/cli/sync_cmd.go:69.34,71.3 1 0
github.com/xcoleman/pulse/internal/cli/sync_cmd.go:73.2,74.14 2 0
github.com/xcoleman/pulse/internal/cli/sync_cmd.go:74.14,78.3 3 0
github.com/xcoleman/pulse/internal/cli/sync_cmd.go:80.2,82.23 2 0
github.com/xcoleman/pulse/internal/cli/sync_cmd.go:83.17,85.80 2 0
github.com/xcoleman/pulse/internal/cli/sync_cmd.go:86.16,88.58 2 0
github.com/xcoleman/pulse/internal/cli/sync_cmd.go:90.2,90.12 1 0
github.com/xcoleman/pulse/internal/cli/sync_cmd.go:93.62,95.31 2 0
github.com/xcoleman/pulse/internal/cli/sync_cmd.go:95.31,97.3 1 0
github.com/xcoleman/pulse/internal/cli/sync_cmd.go:98.2,98.34 1 0
github.com/xcoleman/pulse/internal/cli/tui_cmd.go:21.13,24.2 2 1
github.com/xcoleman/pulse/internal/cli/tui_cmd.go:26.54,28.16 2 0
github.com/xcoleman/pulse/internal/cli/tui_cmd.go:28.16,30.3 1 0
github.com/xcoleman/pulse/internal/cli/tui_cmd.go:32.2,33.16 2 0
github.com/xcoleman/pulse/internal/cli/tui_cmd.go:33.16,35.3 1 0
github.com/xcoleman/pulse/internal/cli/tui_cmd.go:36.2,42.20 5 0
github.com/xcoleman/pulse/internal/cli/tui_cmd.go:42.20,44.17 2 0
github.com/xcoleman/pulse/internal/cli/tui_cmd.go:44.17,46.4 1 0
github.com/xcoleman/pulse/internal/cli/tui_cmd.go:47.3,47.34 1 0
github.com/xcoleman/pulse/internal/cli/tui_cmd.go:50.2,51.16 2 0
github.com/xcoleman/pulse/internal/cli/tui_cmd.go:51.16,53.3 1 0
github.com/xcoleman/pulse/internal/cli/tui_cmd.go:56.2,57.14 2 0
github.com/xcoleman/pulse/internal/cli/tui_cmd.go:57.14,61.3 3 0
github.com/xcoleman/pulse/internal/cli/tui_cmd.go:63.2,65.35 3 0
github.com/xcoleman/pulse/internal/cli/tui_cmd.go:65.35,67.3 1 0
github.com/xcoleman/pulse/internal/cli/tui_cmd.go:69.2,69.12 1 0
github.com/xcoleman/pulse/internal/cli/version_cmd.go:16.47,18.15 2 0
github.com/xcoleman/pulse/internal/cli/version_cmd.go:18.15,22.4 3 0
github.com/xcoleman/pulse/internal/cli/version_cmd.go:23.3,23.36 1 0
github.com/xcoleman/pulse/internal/cli/version_cmd.go:27.13,29.2 1 1
github.com/xcoleman/pulse/internal/sync/engine.go:26.59,28.2 1 1
github.com/xcoleman/pulse/internal/sync/engine.go:30.84,32.2 1 1
github.com/xcoleman/pulse/internal/sync/engine.go:34.101,36.31 2 1
github.com/xcoleman/pulse/internal/sync/engine.go:36.31,37.23 1 1
github.com/xcoleman/pulse/internal/sync/engine.go:37.23,39.4 1 1
github.com/xcoleman/pulse/internal/sync/engine.go:41.2,41.24 1 1
github.com/xcoleman/pulse/internal/sync/engine.go:41.24,43.3 1 1
github.com/xcoleman/pulse/internal/sync/engine.go:44.2,44.39 1 1
github.com/xcoleman/pulse/internal/sync/engine.go:47.94,49.16 2 1
github.com/xcoleman/pulse/internal/sync/engine.go:49.16,51.3 1 0
github.com/xcoleman/pulse/internal/sync/engine.go:53.2,56.31 3 1
github.com/xcoleman/pulse/internal/sync/engine.go:56.31,58.65 2 1
github.com/xcoleman/pulse/internal/sync/engine.go:58.65,61.4 2 1
github.com/xcoleman/pulse/internal/sync/engine.go:62.3,62.11 1 1
github.com/xcoleman/pulse/internal/sync/engine.go:66.2,69.9 3 1
github.com/xcoleman/pulse/internal/sync/engine.go:70.22,71.21 1 1
github.com/xcoleman/pulse/internal/sync/engine.go:72.35,73.21 1 1
github.com/xcoleman/pulse/internal/sync/engine.go:74.10,75.20 1 1
github.com/xcoleman/pulse/internal/sync/engine.go:78.2,81.61 3 1
github.com/xcoleman/pulse/internal/sync/engine.go:84.70,85.13 1 1
github.com/xcoleman/pulse/internal/sync/engine.go:85.13,87.3 1 0
github.com/xcoleman/pulse/internal/sync/engine.go:88.2,89.16 2 1
github.com/xcoleman/pulse/internal/sync/engine.go:89.16,91.3 1 0
github.com/xcoleman/pulse/internal/sync/engine.go:92.2,92.10 1 1
github.com/xcoleman/pulse/internal/store/sqlite.go:24.53,27.47 2 1
github.com/xcoleman/pulse/internal/store/sqlite.go:27.47,29.3 1 0
github.com/xcoleman/pulse/internal/store/sqlite.go:32.2,32.51 1 1
github.com/xcoleman/pulse/internal/store/sqlite.go:32.51,34.17 2 1
github.com/xcoleman/pulse/internal/store/sqlite.go:34.17,36.4 1 0
github.com/xcoleman/pulse/internal/store/sqlite.go:37.3,37.12 1 1
github.com/xcoleman/pulse/internal/store/sqlite.go:40.2,41.16 2 1
github.com/xcoleman/pulse/internal/store/sqlite.go:41.16,43.3 1 0
github.com/xcoleman/pulse/internal/store/sqlite.go:46.2,46.62 1 1
github.com/xcoleman/pulse/internal/store/sqlite.go:46.62,49.3 2 0
github.com/xcoleman/pulse/internal/store/sqlite.go:52.2,52.65 1 1
github.com/xcoleman/pulse/internal/store/sqlite.go:52.65,55.3 2 0
github.com/xcoleman/pulse/internal/store/sqlite.go:57.2,58.36 2 1
github.com/xcoleman/pulse/internal/store/sqlite.go:58.36,61.3 2 0
github.com/xcoleman/pulse/internal/store/sqlite.go:63.2,63.15 1 1
github.com/xcoleman/pulse/internal/store/sqlite.go:66.39,68.109 1 1
github.com/xcoleman/pulse/internal/store/sqlite.go:68.109,70.3 1 0
github.com/xcoleman/pulse/internal/store/sqlite.go:72.2,74.16 3 1
github.com/xcoleman/pulse/internal/store/sqlite.go:74.16,76.3 1 0
github.com/xcoleman/pulse/internal/store/sqlite.go:79.2,80.16 2 1
github.com/xcoleman/pulse/internal/store/sqlite.go:80.16,82.3 1 0
github.com/xcoleman/pulse/internal/store/sqlite.go:84.2,84.32 1 1
github.com/xcoleman/pulse/internal/store/sqlite.go:84.32,89.28 4 1
github.com/xcoleman/pulse/internal/store/sqlite.go:89.28,90.12 1 0
github.com/xcoleman/pulse/internal/store/sqlite.go:93.3,94.17 2 1
github.com/xcoleman/pulse/internal/store/sqlite.go:94.17,96.4 1 0
github.com/xcoleman/pulse/internal/store/sqlite.go:99.3,100.17 2 1
github.com/xcoleman/pulse/internal/store/sqlite.go:100.17,102.4 1 0
github.com/xcoleman/pulse/internal/store/sqlite.go:103.3,103.50 1 1
github.com/xcoleman/pulse/internal/store/sqlite.go:103.50,106.4 2 0
github.com/xcoleman/pulse/internal/store/sqlite.go:107.3,107.21 1 1
github.com/xcoleman/pulse/internal/store/sqlite.go:107.21,108.100 1 1
github.com/xcoleman/pulse/internal/store/sqlite.go:108.100,111.5 2 0
github.com/xcoleman/pulse/internal/store/sqlite.go:113.3,113.37 1 1
github.com/xcoleman/pulse/internal/store/sqlite.go:113.37,115.4 1 0
github.com/xcoleman/pulse/internal/store/sqlite.go:118.2,118.12 1 1
github.com/xcoleman/pulse/internal/store/sqlite.go:121.37,123.2 1 1
github.com/xcoleman/pulse/internal/store/sqlite.go:127.73,131.16 2 1
github.com/xcoleman/pulse/internal/store/sqlite.go:131.16,133.3 1 0
github.com/xcoleman/pulse/internal/store/sqlite.go:134.2,134.27 1 1
github.com/xcoleman/pulse/internal/store/sqlite.go:137.107,142.2 2 1
github.com/xcoleman/pulse/internal/store/sqlite.go:144.72,148.26 3 1
github.com/xcoleman/pulse/internal/store/sqlite.go:148.26,150.3 1 0
github.com/xcoleman/pulse/internal/store/sqlite.go:151.2,151.16 1 1
github.com/xcoleman/pulse/internal/store/sqlite.go:156.105,163.2 2 1
github.com/xcoleman/pulse/internal/store/sqlite.go:165.109,166.24 1 1
github.com/xcoleman/pulse/internal/store/sqlite.go:166.24,168.3 1 0
github.com/xcoleman/pulse/internal/store/sqlite.go:169.2,170.16 2 1
github.com/xcoleman/pulse/internal/store/sqlite.go:170.16,172.3 1 0
github.com/xcoleman/pulse/internal/store/sqlite.go:173.2,173.29 1 1
github.com/xcoleman/pulse/internal/store/sqlite.go:173.29,178.17 2 1
github.com/xcoleman/pulse/internal/store/sqlite.go:178.17,181.4 2 0
github.com/xcoleman/pulse/internal/store/sqlite.go:183.2,183.20 1 1
github.com/xcoleman/pulse/internal/store/sqlite.go:186.104,190.16 2 1
github.com/xcoleman/pulse/internal/store/sqlite.go:190.16,192.3 1 0
github.com/xcoleman/pulse/internal/store/sqlite.go:193.2,196.18 3 1
github.com/xcoleman/pulse/internal/store/sqlite.go:196.18,199.106 2 1
github.com/xcoleman/pulse/internal/store/sqlite.go:199.106,201.4 1 0
github.com/xcoleman/pulse/internal/store/sqlite.go:202.3,202.32 1 1
github.com/xcoleman/pulse/internal/store/sqlite.go:204.2,204.27 1 1
github.com/xcoleman/pulse/internal/store/sqlite.go:207.118,211.16 2 1
github.com/xcoleman/pulse/internal/store/sqlite.go:211.16,213.3 1 0
github.com/xcoleman/pulse/internal/store/sqlite.go:214.2,217.18 3 1
github.com/xcoleman/pulse/internal/store/sqlite.go:217.18,219.107 2 1
github.com/xcoleman/pulse/internal/store/sqlite.go:219.107,221.4 1 0
github.com/xcoleman/pulse/internal/store/sqlite.go:222.3,222.29 1 1
github.com/xcoleman/pulse/internal/store/sqlite.go:224.2,224.27 1 1
github.com/xcoleman/pulse/internal/store/sqlite.go:229.118,230.22 1 1
github.com/xcoleman/pulse/internal/store/sqlite.go:230.22,232.3 1 0
github.com/xcoleman/pulse/internal/store/sqlite.go:233.2,234.16 2 1
github.com/xcoleman/pulse/internal/store/sqlite.go:234.16,236.3 1 0
github.com/xcoleman/pulse/internal/store/sqlite.go:237.2,237.27 1 1
github.com/xcoleman/pulse/internal/store/sqlite.go:237.27,242.17 2 1
github.com/xcoleman/pulse/internal/store/sqlite.go:242.17,245.4 2 0
github.com/xcoleman/pulse/internal/store/sqlite.go:247.2,247.20 1 1
github.com/xcoleman/pulse/internal/store/sqlite.go:250.112,254.16 2 1
github.com/xcoleman/pulse/internal/store/sqlite.go:254.16,256.3 1 0
github.com/xcoleman/pulse/internal/store/sqlite.go:257.2,260.18 3 1
github.com/xcoleman/pulse/internal/store/sqlite.go:260.18,262.99 2 1
github.com/xcoleman/pulse/internal/store/sqlite.go:262.99,264.4 1 0
github.com/xcoleman/pulse/internal/store/sqlite.go:265.3,265.29 1 1
github.com/xcoleman/pulse/internal/store/sqlite.go:267.2,267.27 1 1
github.com/xcoleman/pulse/internal/store/sqlite.go:272.102,279.2 2 1
github.com/xcoleman/pulse/internal/store/sqlite.go:281.104,285.16 2 1
github.com/xcoleman/pulse/internal/store/sqlite.go:285.16,287.3 1 0
github.com/xcoleman/pulse/internal/store/sqlite.go:288.2,291.18 3 1
github.com/xcoleman/pulse/internal/store/sqlite.go:291.18,294.73 2 1
github.com/xcoleman/pulse/internal/store/sqlite.go:294.73,296.4 1 0
github.com/xcoleman/pulse/internal/store/sqlite.go:297.3,297.29 1 1
github.com/xcoleman/pulse/internal/store/sqlite.go:299.2,299.27 1 1
github.com/xcoleman/pulse/internal/store/sqlite.go:302.106,308.26 3 0
github.com/xcoleman/pulse/internal/store/sqlite.go:308.26,310.3 1 0
github.com/xcoleman/pulse/internal/store/sqlite.go:311.2,311.16 1 0
github.com/xcoleman/pulse/internal/store/sqlite.go:311.16,313.3 1 0
github.com/xcoleman/pulse/internal/store/sqlite.go:314.2,314.16 1 0
github.com/xcoleman/pulse/internal/store/sqlite.go:319.111,325.2 2 1
github.com/xcoleman/pulse/internal/store/sqlite.go:327.110,331.16 2 1
github.com/xcoleman/pulse/internal/store/sqlite.go:331.16,333.3 1 0
github.com/xcoleman/pulse/internal/store/sqlite.go:334.2,337.18 3 1
github.com/xcoleman/pulse/internal/store/sqlite.go:337.18,339.126 2 1
github.com/xcoleman/pulse/internal/store/sqlite.go:339.126,341.4 1 0
github.com/xcoleman/pulse/internal/store/sqlite.go:342.3,342.32 1 1
github.com/xcoleman/pulse/internal/store/sqlite.go:344.2,344.27 1 1
github.com/xcoleman/pulse/internal/store/sqlite.go:349.111,355.2 2 1
github.com/xcoleman/pulse/internal/store/sqlite.go:357.108,363.26 3 1
github.com/xcoleman/pulse/internal/store/sqlite.go:363.26,365.3 1 0
github.com/xcoleman/pulse/internal/store/sqlite.go:366.2,366.16 1 1
github.com/xcoleman/pulse/internal/store/sqlite.go:366.16,368.3 1 0
github.com/xcoleman/pulse/internal/store/sqlite.go:369.2,369.19 1 1
github.com/xcoleman/pulse/internal/store/sqlite.go:374.91,379.2 2 1
github.com/xcoleman/pulse/internal/store/sqlite.go:381.83,385.26 3 1
github.com/xcoleman/pulse/internal/store/sqlite.go:385.26,387.3 1 1
github.com/xcoleman/pulse/internal/store/sqlite.go:388.2,388.15 1 1
github.com/xcoleman/pulse/internal/store/sqlite.go:391.101,394.16 2 1
github.com/xcoleman/pulse/internal/store/sqlite.go:394.16,396.3 1 0
github.com/xcoleman/pulse/internal/store/sqlite.go:397.2,397.27 1 1
github.com/xcoleman/pulse/internal/collector/claude.go:22.46,22.65 1 1
github.com/xcoleman/pulse/internal/collector/claude.go:23.46,23.60 1 1
github.com/xcoleman/pulse/internal/collector/claude.go:25.60,27.2 1 1
github.com/xcoleman/pulse/internal/collector/claude.go:63.111,65.16 2 0
github.com/xcoleman/pulse/internal/collector/claude.go:65.16,67.3 1 0
github.com/xcoleman/pulse/internal/collector/claude.go:69.2,70.54 2 0
github.com/xcoleman/pulse/internal/collector/claude.go:70.54,73.3 2 0
github.com/xcoleman/pulse/internal/collector/claude.go:76.2,82.86 5 0
github.com/xcoleman/pulse/internal/collector/claude.go:82.86,83.68 1 0
github.com/xcoleman/pulse/internal/collector/claude.go:83.68,85.4 1 0
github.com/xcoleman/pulse/internal/collector/claude.go:87.3,87.35 1 0
github.com/xcoleman/pulse/internal/collector/claude.go:87.35,89.4 1 0
github.com/xcoleman/pulse/internal/collector/claude.go:90.3,91.17 2 0
github.com/xcoleman/pulse/internal/collector/claude.go:91.17,93.4 1 0
github.com/xcoleman/pulse/internal/collector/claude.go:96.3,96.35 1 0
github.com/xcoleman/pulse/internal/collector/claude.go:96.35,98.4 1 0
github.com/xcoleman/pulse/internal/collector/claude.go:100.3,101.29 2 0
github.com/xcoleman/pulse/internal/collector/claude.go:101.29,107.21 5 0
github.com/xcoleman/pulse/internal/collector/claude.go:107.21,109.12 2 0
github.com/xcoleman/pulse/internal/collector/claude.go:109.12,112.6 2 0
github.com/xcoleman/pulse/internal/collector/claude.go:113.5,114.32 2 0
github.com/xcoleman/pulse/internal/collector/claude.go:118.3,118.13 1 0
github.com/xcoleman/pulse/internal/collector/claude.go:120.2,120.16 1 0
github.com/xcoleman/pulse/internal/collector/claude.go:120.16,122.3 1 0
github.com/xcoleman/pulse/internal/collector/claude.go:124.2,125.22 2 0
github.com/xcoleman/pulse/internal/collector/claude.go:125.22,127.3 1 0
github.com/xcoleman/pulse/internal/collector/claude.go:130.2,134.62 4 0
github.com/xcoleman/pulse/internal/collector/claude.go:134.62,138.3 2 0
github.com/xcoleman/pulse/internal/collector/claude.go:138.8,140.40 1 0
github.com/xcoleman/pulse/internal/collector/claude.go:140.40,142.11 2 0
github.com/xcoleman/pulse/internal/collector/claude.go:142.11,144.5 1 0
github.com/xcoleman/pulse/internal/collector/claude.go:145.4,147.49 3 0
github.com/xcoleman/pulse/internal/collector/claude.go:152.2,173.44 3 0
github.com/xcoleman/pulse/internal/collector/claude.go:184.70,186.16 2 0
github.com/xcoleman/pulse/internal/collector/claude.go:186.16,188.3 1 0
github.com/xcoleman/pulse/internal/collector/claude.go:189.2,195.21 5 0
github.com/xcoleman/pulse/internal/collector/claude.go:195.21,199.49 2 0
github.com/xcoleman/pulse/internal/collector/claude.go:199.49,200.12 1 0
github.com/xcoleman/pulse/internal/collector/claude.go:203.3,204.54 2 0
github.com/xcoleman/pulse/internal/collector/claude.go:204.54,205.12 1 0
github.com/xcoleman/pulse/internal/collector/claude.go:208.3,208.33 1 0
github.com/xcoleman/pulse/internal/collector/claude.go:208.33,209.12 1 0
github.com/xcoleman/pulse/internal/collector/claude.go:213.3,213.65 1 0
github.com/xcoleman/pulse/internal/collector/claude.go:213.65,214.12 1 0
github.com/xcoleman/pulse/internal/collector/claude.go:217.3,224.5 2 0
github.com/xcoleman/pulse/internal/collector/claude.go:227.2,227.16 1 0
github.com/xcoleman/pulse/internal/collector/claude.go:230.13,232.2 1 1
github.com/xcoleman/pulse/internal/collector/cost_stub.go:19.39,19.56 1 1
github.com/xcoleman/pulse/internal/collector/cost_stub.go:20.39,20.68 1 1
github.com/xcoleman/pulse/internal/collector/cost_stub.go:22.53,23.33 1 1
github.com/xcoleman/pulse/internal/collector/cost_stub.go:23.33,25.3 1 0
github.com/xcoleman/pulse/internal/collector/cost_stub.go:26.2,26.34 1 1
github.com/xcoleman/pulse/internal/collector/cost_stub.go:29.104,32.2 2 0
github.com/xcoleman/pulse/internal/collector/cost_stub.go:34.13,41.2 1 1
github.com/xcoleman/pulse/internal/collector/docker.go:17.46,17.65 1 1
github.com/xcoleman/pulse/internal/collector/docker.go:18.46,18.60 1 0
github.com/xcoleman/pulse/internal/collector/docker.go:20.60,22.2 1 1
github.com/xcoleman/pulse/internal/collector/docker.go:24.111,26.51 1 0
github.com/xcoleman/pulse/internal/collector/docker.go:26.51,28.3 1 0
github.com/xcoleman/pulse/internal/collector/docker.go:30.2,32.16 3 0
github.com/xcoleman/pulse/internal/collector/docker.go:32.16,34.3 1 0
github.com/xcoleman/pulse/internal/collector/docker.go:37.2,39.29 3 0
github.com/xcoleman/pulse/internal/collector/docker.go:39.29,40.17 1 0
github.com/xcoleman/pulse/internal/collector/docker.go:40.17,41.12 1 0
github.com/xcoleman/pulse/internal/collector/docker.go:43.3,44.17 2 0
github.com/xcoleman/pulse/internal/collector/docker.go:44.17,45.12 1 0
github.com/xcoleman/pulse/internal/collector/docker.go:47.3,47.39 1 0
github.com/xcoleman/pulse/internal/collector/docker.go:51.2,53.16 3 0
github.com/xcoleman/pulse/internal/collector/docker.go:53.16,54.81 1 0
github.com/xcoleman/pulse/internal/collector/docker.go:54.81,55.18 1 0
github.com/xcoleman/pulse/internal/collector/docker.go:55.18,56.13 1 0
github.com/xcoleman/pulse/internal/collector/docker.go:58.4,59.22 2 0
github.com/xcoleman/pulse/internal/collector/docker.go:59.22,60.13 1 0
github.com/xcoleman/pulse/internal/collector/docker.go:62.4,63.39 2 0
github.com/xcoleman/pulse/internal/collector/docker.go:63.39,67.5 3 0
github.com/xcoleman/pulse/internal/collector/docker.go:71.2,71.33 1 0
github.com/xcoleman/pulse/internal/collector/docker.go:71.33,72.65 1 0
github.com/xcoleman/pulse/internal/collector/docker.go:72.65,74.4 1 0
github.com/xcoleman/pulse/internal/collector/docker.go:77.2,77.12 1 0
github.com/xcoleman/pulse/internal/collector/docker.go:88.68,90.58 2 1
github.com/xcoleman/pulse/internal/collector/docker.go:90.58,92.3 1 0
github.com/xcoleman/pulse/internal/collector/docker.go:93.2,98.8 1 1
github.com/xcoleman/pulse/internal/collector/docker.go:102.37,106.2 3 1
github.com/xcoleman/pulse/internal/collector/docker.go:109.38,111.21 2 1
github.com/xcoleman/pulse/internal/collector/docker.go:111.21,113.3 1 0
github.com/xcoleman/pulse/internal/collector/docker.go:114.2,115.36 2 1
github.com/xcoleman/pulse/internal/collector/docker.go:115.36,118.3 2 1
github.com/xcoleman/pulse/internal/collector/docker.go:119.2,119.36 1 1
github.com/xcoleman/pulse/internal/collector/docker.go:119.36,122.3 2 1
github.com/xcoleman/pulse/internal/collector/docker.go:123.2,123.36 1 1
github.com/xcoleman/pulse/internal/collector/docker.go:123.36,126.3 2 1
github.com/xcoleman/pulse/internal/collector/docker.go:127.2,127.10 1 1
github.com/xcoleman/pulse/internal/collector/docker.go:130.13,132.2 1 1
github.com/xcoleman/pulse/internal/collector/elevenlabs.go:18.50,18.73 1 1
github.com/xcoleman/pulse/internal/collector/elevenlabs.go:19.50,19.91 1 1
github.com/xcoleman/pulse/internal/collector/elevenlabs.go:21.64,22.39 1 1
github.com/xcoleman/pulse/internal/collector/elevenlabs.go:22.39,24.3 1 0
github.com/xcoleman/pulse/internal/collector/elevenlabs.go:25.2,25.46 1 1
github.com/xcoleman/pulse/internal/collector/elevenlabs.go:33.115,35.18 2 0
github.com/xcoleman/pulse/internal/collector/elevenlabs.go:35.18,37.3 1 0
github.com/xcoleman/pulse/internal/collector/elevenlabs.go:39.2,47.16 6 0
github.com/xcoleman/pulse/internal/collector/elevenlabs.go:47.16,49.3 1 0
github.com/xcoleman/pulse/internal/collector/elevenlabs.go:50.2,53.16 3 0
github.com/xcoleman/pulse/internal/collector/elevenlabs.go:53.16,55.3 1 0
github.com/xcoleman/pulse/internal/collector/elevenlabs.go:56.2,58.38 2 0
github.com/xcoleman/pulse/internal/collector/elevenlabs.go:58.38,60.3 1 0
github.com/xcoleman/pulse/internal/collector/elevenlabs.go:62.2,63.16 2 0
github.com/xcoleman/pulse/internal/collector/elevenlabs.go:63.16,65.3 1 0
github.com/xcoleman/pulse/internal/collector/elevenlabs.go:67.2,68.53 2 0
github.com/xcoleman/pulse/internal/collector/elevenlabs.go:68.53,70.3 1 0
github.com/xcoleman/pulse/internal/collector/elevenlabs.go:73.2,74.37 2 0
github.com/xcoleman/pulse/internal/collector/elevenlabs.go:74.37,75.28 1 0
github.com/xcoleman/pulse/internal/collector/elevenlabs.go:75.28,77.4 1 0
github.com/xcoleman/pulse/internal/collector/elevenlabs.go:80.2,81.53 2 0
github.com/xcoleman/pulse/internal/collector/elevenlabs.go:81.53,83.3 1 0
github.com/xcoleman/pulse/internal/collector/elevenlabs.go:86.2,99.44 3 0
github.com/xcoleman/pulse/internal/collector/elevenlabs.go:114.105,118.16 3 0
github.com/xcoleman/pulse/internal/collector/elevenlabs.go:118.16,120.3 1 0
github.com/xcoleman/pulse/internal/collector/elevenlabs.go:122.2,123.21 2 0
github.com/xcoleman/pulse/internal/collector/elevenlabs.go:126.118,128.16 2 0
github.com/xcoleman/pulse/internal/collector/elevenlabs.go:128.16,130.3 1 0
github.com/xcoleman/pulse/internal/collector/elevenlabs.go:131.2,134.16 3 0
github.com/xcoleman/pulse/internal/collector/elevenlabs.go:134.16,136.3 1 0
github.com/xcoleman/pulse/internal/collector/elevenlabs.go:137.2,139.38 2 0
github.com/xcoleman/pulse/internal/collector/elevenlabs.go:139.38,141.3 1 0
github.com/xcoleman/pulse/internal/collector/elevenlabs.go:143.2,144.16 2 0
github.com/xcoleman/pulse/internal/collector/elevenlabs.go:144.16,146.3 1 0
github.com/xcoleman/pulse/internal/collector/elevenlabs.go:148.2,149.51 2 0
github.com/xcoleman/pulse/internal/collector/elevenlabs.go:149.51,151.3 1 0
github.com/xcoleman/pulse/internal/collector/elevenlabs.go:153.2,153.18 1 0
github.com/xcoleman/pulse/internal/collector/elevenlabs.go:156.13,158.2 1 1
github.com/xcoleman/pulse/internal/collector/git.go:20.43,20.59 1 1
github.com/xcoleman/pulse/internal/collector/git.go:21.43,21.57 1 0
github.com/xcoleman/pulse/internal/collector/git.go:23.57,25.2 1 1
github.com/xcoleman/pulse/internal/collector/git.go:27.108,29.16 2 1
github.com/xcoleman/pulse/internal/collector/git.go:29.16,31.3 1 0
github.com/xcoleman/pulse/internal/collector/git.go:33.2,33.29 1 1
github.com/xcoleman/pulse/internal/collector/git.go:33.29,35.17 2 1
github.com/xcoleman/pulse/internal/collector/git.go:35.17,37.12 2 0
github.com/xcoleman/pulse/internal/collector/git.go:39.3,39.62 1 1
github.com/xcoleman/pulse/internal/collector/git.go:39.62,41.4 1 0
github.com/xcoleman/pulse/internal/collector/git.go:43.3,44.38 2 1
github.com/xcoleman/pulse/internal/collector/git.go:44.38,45.67 1 1
github.com/xcoleman/pulse/internal/collector/git.go:45.67,47.5 1 0
github.com/xcoleman/pulse/internal/collector/git.go:51.2,51.12 1 1
github.com/xcoleman/pulse/internal/collector/git.go:54.85,62.23 3 1
github.com/xcoleman/pulse/internal/collector/git.go:62.23,64.3 1 0
github.com/xcoleman/pulse/internal/collector/git.go:67.2,68.18 2 1
github.com/xcoleman/pulse/internal/collector/git.go:68.18,69.71 1 1
github.com/xcoleman/pulse/internal/collector/git.go:69.71,70.18 1 1
github.com/xcoleman/pulse/internal/collector/git.go:70.18,72.5 1 1
github.com/xcoleman/pulse/internal/collector/git.go:77.2,78.19 2 1
github.com/xcoleman/pulse/internal/collector/git.go:78.19,80.22 2 0
github.com/xcoleman/pulse/internal/collector/git.go:80.22,83.4 2 0
github.com/xcoleman/pulse/internal/collector/git.go:87.2,90.19 4 1
github.com/xcoleman/pulse/internal/collector/git.go:90.19,92.3 1 1
github.com/xcoleman/pulse/internal/collector/git.go:94.2,94.18 1 1
github.com/xcoleman/pulse/internal/collector/git.go:97.89,100.18 2 1
github.com/xcoleman/pulse/internal/collector/git.go:100.18,102.3 1 0
github.com/xcoleman/pulse/internal/collector/git.go:105.2,107.57 3 1
github.com/xcoleman/pulse/internal/collector/git.go:107.57,109.17 2 1
github.com/xcoleman/pulse/internal/collector/git.go:109.17,111.4 1 1
github.com/xcoleman/pulse/internal/collector/git.go:114.2,115.70 2 1
github.com/xcoleman/pulse/internal/collector/git.go:115.70,117.21 2 1
github.com/xcoleman/pulse/internal/collector/git.go:117.21,118.12 1 0
github.com/xcoleman/pulse/internal/collector/git.go:121.3,127.21 2 1
github.com/xcoleman/pulse/internal/collector/git.go:127.21,129.4 1 1
github.com/xcoleman/pulse/internal/collector/git.go:131.3,131.33 1 1
github.com/xcoleman/pulse/internal/collector/git.go:134.2,134.22 1 1
github.com/xcoleman/pulse/internal/collector/git.go:137.72,141.16 4 1
github.com/xcoleman/pulse/internal/collector/git.go:141.16,143.3 1 1
github.com/xcoleman/pulse/internal/collector/git.go:144.2,144.39 1 1
github.com/xcoleman/pulse/internal/collector/git.go:147.13,149.2 1 1
github.com/xcoleman/pulse/internal/collector/github.go:19.46,19.65 1 1
github.com/xcoleman/pulse/internal/collector/github.go:20.46,20.81 1 1
github.com/xcoleman/pulse/internal/collector/github.go:22.60,23.35 1 1
github.com/xcoleman/pulse/internal/collector/github.go:23.35,25.3 1 1
github.com/xcoleman/pulse/internal/collector/github.go:26.2,26.40 1 1
github.com/xcoleman/pulse/internal/collector/github.go:29.111,31.17 2 0
github.com/xcoleman/pulse/internal/collector/github.go:31.17,33.3 1 0
github.com/xcoleman/pulse/internal/collector/github.go:35.2,36.16 2 0
github.com/xcoleman/pulse/internal/collector/github.go:36.16,38.3 1 0
github.com/xcoleman/pulse/internal/collector/github.go:39.2,43.16 4 0
github.com/xcoleman/pulse/internal/collector/github.go:43.16,45.3 1 0
github.com/xcoleman/pulse/internal/collector/github.go:46.2,48.38 2 0
github.com/xcoleman/pulse/internal/collector/github.go:48.38,50.3 1 0
github.com/xcoleman/pulse/internal/collector/github.go:52.2,53.16 2 0
github.com/xcoleman/pulse/internal/collector/github.go:53.16,55.3 1 0
github.com/xcoleman/pulse/internal/collector/github.go:57.2,58.57 2 0
github.com/xcoleman/pulse/internal/collector/github.go:58.57,60.3 1 0
github.com/xcoleman/pulse/internal/collector/github.go:62.2,63.32 2 0
github.com/xcoleman/pulse/internal/collector/github.go:63.32,65.17 2 0
github.com/xcoleman/pulse/internal/collector/github.go:65.17,66.12 1 0
github.com/xcoleman/pulse/internal/collector/github.go:68.3,68.29 1 0
github.com/xcoleman/pulse/internal/collector/github.go:71.2,71.55 1 0
github.com/xcoleman/pulse/internal/collector/github.go:87.72,89.50 2 1
github.com/xcoleman/pulse/internal/collector/github.go:89.50,91.3 1 0
github.com/xcoleman/pulse/internal/collector/github.go:93.2,97.18 3 1
github.com/xcoleman/pulse/internal/collector/github.go:97.18,100.3 2 1
github.com/xcoleman/pulse/internal/collector/github.go:102.2,109.8 1 1
github.com/xcoleman/pulse/internal/collector/github.go:112.42,113.16 1 1
github.com/xcoleman/pulse/internal/collector/github.go:114.21,115.14 1 1
github.com/xcoleman/pulse/internal/collector/github.go:116.15,117.17 1 1
github.com/xcoleman/pulse/internal/collector/github.go:118.32,119.14 1 1
github.com/xcoleman/pulse/internal/collector/github.go:120.10,121.33 1 0
github.com/xcoleman/pulse/internal/collector/github.go:125.13,127.2 1 1
github.com/xcoleman/pulse/internal/collector/http.go:25.50,27.2 1 0
github.com/xcoleman/pulse/internal/collector/registry.go:26.28,29.45 3 1
github.com/xcoleman/pulse/internal/collector/registry.go:29.45,30.66 1 0
github.com/xcoleman/pulse/internal/collector/registry.go:32.2,32.24 1 1
github.com/xcoleman/pulse/internal/collector/registry.go:36.41,41.2 4 1
github.com/xcoleman/pulse/internal/collector/registry.go:44.24,48.29 4 1
github.com/xcoleman/pulse/internal/collector/registry.go:48.29,50.3 1 1
github.com/xcoleman/pulse/internal/collector/registry.go:51.2,51.15 1 1
github.com/xcoleman/pulse/internal/collector/registry.go:55.46,58.24 3 1
github.com/xcoleman/pulse/internal/collector/registry.go:58.24,59.21 1 1
github.com/xcoleman/pulse/internal/collector/registry.go:59.21,61.4 1 1
github.com/xcoleman/pulse/internal/collector/registry.go:63.2,63.15 1 1
github.com/xcoleman/pulse/internal/collector/subscriptions.go:16.53,16.79 1 1
github.com/xcoleman/pulse/internal/collector/subscriptions.go:17.53,17.67 1 0
github.com/xcoleman/pulse/internal/collector/subscriptions.go:19.67,21.2 1 1
github.com/xcoleman/pulse/internal/collector/subscriptions.go:23.119,26.46 2 0
github.com/xcoleman/pulse/internal/collector/subscriptions.go:26.46,47.62 4 0
github.com/xcoleman/pulse/internal/collector/subscriptions.go:47.62,49.4 1 0
github.com/xcoleman/pulse/internal/collector/subscriptions.go:52.2,52.12 1 0
github.com/xcoleman/pulse/internal/collector/subscriptions.go:55.38,56.20 1 0
github.com/xcoleman/pulse/internal/collector/subscriptions.go:56.20,58.3 1 0
github.com/xcoleman/pulse/internal/collector/subscriptions.go:59.2,59.48 1 0
github.com/xcoleman/pulse/internal/collector/subscriptions.go:62.13,64.2 1 1
github.com/xcoleman/pulse/internal/collector/system.go:18.46,18.65 1 1
github.com/xcoleman/pulse/internal/collector/system.go:19.46,19.60 1 0
github.com/xcoleman/pulse/internal/collector/system.go:21.60,23.2 1 1
github.com/xcoleman/pulse/internal/collector/system.go:25.112,38.2 5 1
github.com/xcoleman/pulse/internal/collector/system.go:40.31,44.32 3 1
github.com/xcoleman/pulse/internal/collector/system.go:44.32,46.16 2 1
github.com/xcoleman/pulse/internal/collector/system.go:46.16,48.4 1 0
github.com/xcoleman/pulse/internal/collector/system.go:49.3,49.13 1 1
github.com/xcoleman/pulse/internal/collector/system.go:51.2,51.10 1 0
github.com/xcoleman/pulse/internal/collector/system.go:54.28,56.16 2 1
github.com/xcoleman/pulse/internal/collector/system.go:56.16,58.3 1 0
github.com/xcoleman/pulse/internal/collector/system.go:59.2,60.22 2 1
github.com/xcoleman/pulse/internal/collector/system.go:60.22,63.3 2 1
github.com/xcoleman/pulse/internal/collector/system.go:64.2,64.10 1 0
github.com/xcoleman/pulse/internal/collector/system.go:67.23,69.16 2 1
github.com/xcoleman/pulse/internal/collector/system.go:69.16,71.3 1 0
github.com/xcoleman/pulse/internal/collector/system.go:72.2,76.21 4 1
github.com/xcoleman/pulse/internal/collector/system.go:76.21,79.90 2 1
github.com/xcoleman/pulse/internal/collector/system.go:79.90,81.4 1 1
github.com/xcoleman/pulse/internal/collector/system.go:83.2,83.16 1 1
github.com/xcoleman/pulse/internal/collector/system.go:83.16,85.3 1 0
github.com/xcoleman/pulse/internal/collector/system.go:86.2,86.14 1 1
github.com/xcoleman/pulse/internal/collector/system.go:89.45,91.16 2 1
github.com/xcoleman/pulse/internal/collector/system.go:91.16,93.3 1 0
github.com/xcoleman/pulse/internal/collector/system.go:94.2,98.21 4 1
github.com/xcoleman/pulse/internal/collector/system.go:98.21,100.43 2 1
github.com/xcoleman/pulse/internal/collector/system.go:100.43,102.24 2 1
github.com/xcoleman/pulse/internal/collector/system.go:102.24,104.5 1 1
github.com/xcoleman/pulse/internal/collector/system.go:106.3,106.47 1 1
github.com/xcoleman/pulse/internal/collector/system.go:106.47,108.24 2 1
github.com/xcoleman/pulse/internal/collector/system.go:108.24,110.5 1 1
github.com/xcoleman/pulse/internal/collector/system.go:113.2,115.8 3 1
github.com/xcoleman/pulse/internal/collector/system.go:118.54,120.52 2 1
github.com/xcoleman/pulse/internal/collector/system.go:120.52,122.3 1 0
github.com/xcoleman/pulse/internal/collector/system.go:123.2,127.8 5 1
github.com/xcoleman/pulse/internal/collector/system.go:130.13,132.2 1 1
github.com/xcoleman/pulse/internal/collector/tavily.go:18.46,18.65 1 1
github.com/xcoleman/pulse/internal/collector/tavily.go:19.46,19.83 1 1
github.com/xcoleman/pulse/internal/collector/tavily.go:21.60,22.35 1 1
github.com/xcoleman/pulse/internal/collector/tavily.go:22.35,24.3 1 0
github.com/xcoleman/pulse/internal/collector/tavily.go:25.2,25.42 1 1
github.com/xcoleman/pulse/internal/collector/tavily.go:52.111,54.18 2 0
github.com/xcoleman/pulse/internal/collector/tavily.go:54.18,56.3 1 0
github.com/xcoleman/pulse/internal/collector/tavily.go:58.2,59.16 2 0
github.com/xcoleman/pulse/internal/collector/tavily.go:59.16,61.3 1 0
github.com/xcoleman/pulse/internal/collector/tavily.go:62.2,65.16 3 0
github.com/xcoleman/pulse/internal/collector/tavily.go:65.16,67.3 1 0
github.com/xcoleman/pulse/internal/collector/tavily.go:68.2,70.38 2 0
github.com/xcoleman/pulse/internal/collector/tavily.go:70.38,72.3 1 0
github.com/xcoleman/pulse/internal/collector/tavily.go:74.2,75.16 2 0
github.com/xcoleman/pulse/internal/collector/tavily.go:75.16,77.3 1 0
github.com/xcoleman/pulse/internal/collector/tavily.go:79.2,80.53 2 0
github.com/xcoleman/pulse/internal/collector/tavily.go:80.53,82.3 1 0
github.com/xcoleman/pulse/internal/collector/tavily.go:85.2,89.31 4 0
github.com/xcoleman/pulse/internal/collector/tavily.go:89.31,91.91 2 0
github.com/xcoleman/pulse/internal/collector/tavily.go:91.91,93.18 2 0
github.com/xcoleman/pulse/internal/collector/tavily.go:93.18,95.5 1 0
github.com/xcoleman/pulse/internal/collector/tavily.go:100.2,102.49 3 0
github.com/xcoleman/pulse/internal/collector/tavily.go:102.49,104.3 1 0
github.com/xcoleman/pulse/internal/collector/tavily.go:106.2,122.44 3 0
github.com/xcoleman/pulse/internal/collector/tavily.go:125.13,127.2 1 1
github.com/xcoleman/pulse/cmd/pulse/main.go:5.13,7.2 1 0
